0 verbose cli /data/data/com.termux/files/usr/bin/node /data/data/com.termux/files/usr/bin/npm
1 info using npm@11.10.1
2 info using node@v25.3.0
3 silly config load:file:/data/data/com.termux/files/usr/lib/node_modules/npm/npmrc
4 silly config load:file:/data/data/com.termux/files/home/peru-stream-direct/node_modules/@swc/core/npm-install/.npmrc
5 silly config load:file:/data/data/com.termux/files/home/.npmrc
6 silly config load:file:/data/data/com.termux/files/usr/etc/npmrc
7 verbose title npm install @swc/wasm@1.13.2
8 verbose argv "install" "--no-save" "--loglevel" "error" "--prefer-offline" "--no-audit" "--progress" "false" "@swc/wasm@1.13.2"
9 verbose logfile logs-max:10 dir:/data/data/com.termux/files/home/.npm/_logs/2026-02-21T00_30_35_942Z-
10 verbose logfile /data/data/com.termux/files/home/.npm/_logs/2026-02-21T00_30_35_942Z-debug-0.log
11 silly logfile done cleaning log files
12 silly packumentCache heap:1174405120 maxSize:293601280 maxEntrySize:146800640
13 silly idealTree buildDeps
14 silly fetch manifest @swc/wasm@1.13.2
15 silly packumentCache full:https://registry.npmjs.org/@swc%2fwasm cache-miss
16 http fetch GET 200 https://registry.npmjs.org/@swc%2fwasm 931ms (cache miss)
17 silly packumentCache full:https://registry.npmjs.org/@swc%2fwasm set size:undefined disposed:false
18 silly placeDep ROOT @swc/wasm@1.13.2 OK for:  want: 1.13.2
19 silly reify moves {}
20 http cache @swc/wasm@https://registry.npmjs.org/@swc/wasm/-/wasm-1.13.2.tgz 1ms (cache hit)
21 silly tarball no local data for @swc/wasm@https://registry.npmjs.org/@swc/wasm/-/wasm-1.13.2.tgz. Extracting by manifest.
22 http fetch GET 200 https://registry.npmjs.org/@swc/wasm/-/wasm-1.13.2.tgz 1191ms (cache miss)
23 silly ADD node_modules/@swc/wasm
24 verbose cwd /data/data/com.termux/files/home/peru-stream-direct/node_modules/@swc/core/npm-install
25 verbose os Linux 5.10.236-android12-9-00003-gfb24cf99ad97-ab14313284
26 verbose node v25.3.0
27 verbose npm  v11.10.1
28 verbose exit 0
29 info ok
